<?xml version="1.0" encoding="UTF-8"?>
<Site BuildName="(empty)"
	BuildStamp="20241110-0614-Experimental"
	Name="ishara-HP-ProBook-455-G7"
	Generator="ctest-3.22.1"
	CompilerName="/usr/bin/c++"
	CompilerVersion="11.4.0"
	OSName="Linux"
	Hostname="ishara-HP-ProBook-455-G7"
	OSRelease="6.8.0-45-generic"
	OSVersion="#45~22.04.1-Ubuntu SMP PREEMPT_DYNAMIC Wed Sep 11 15:25:05 UTC 2"
	OSPlatform="x86_64"
	Is64Bits="1"
	VendorString="AuthenticAMD"
	VendorID="Advanced Micro Devices"
	FamilyID="23"
	ModelID="96"
	ProcessorCacheSize="512"
	NumberOfLogicalCPU="6"
	NumberOfPhysicalCPU="6"
	TotalVirtualMemory="2047"
	TotalPhysicalMemory="7335"
	LogicalProcessorsPerPhysical="1"
	ProcessorClockFrequency="1397.1"
	>
	<Testing>
		<StartDateTime>Nov 10 11:45 +0530</StartDateTime>
		<StartTestTime>1731219326</StartTestTime>
		<TestList/>
		<EndDateTime>Nov 10 11:45 +0530</EndDateTime>
		<EndTestTime>1731219326</EndTestTime>
		<ElapsedMinutes>0</ElapsedMinutes>
	</Testing>
</Site>
